0 info it worked if it ends with ok
1 verbose cli [ 'C:\\Program Files (x86)\\nodejs\\node.exe',
1 verbose cli   'C:\\Program Files (x86)\\nodejs\\node_modules\\npm\\bin\\npm-cli.js',
1 verbose cli   'install',
1 verbose cli   'node-uuid',
1 verbose cli   '--save' ]
2 info using npm@3.6.0
3 info using node@v5.6.0
4 silly loadCurrentTree Starting
5 silly install loadCurrentTree
6 silly install readLocalPackageData
7 silly fetchPackageMetaData node-uuid
8 silly fetchNamedPackageData node-uuid
9 silly mapToRegistry name node-uuid
10 silly mapToRegistry using default registry
11 silly mapToRegistry registry https://registry.npmjs.org/
12 silly mapToRegistry uri https://registry.npmjs.org/node-uuid
13 verbose request uri https://registry.npmjs.org/node-uuid
14 verbose request no auth needed
15 info attempt registry request try #1 at 04:19:04
16 verbose request id 58a52bb3c5e4c6df
17 verbose etag "8AZ2D1ONJ2MV7E8NGCSMQU61O"
18 http request GET https://registry.npmjs.org/node-uuid
19 http 304 https://registry.npmjs.org/node-uuid
20 verbose headers { date: 'Wed, 02 Mar 2016 03:18:57 GMT',
20 verbose headers   via: '1.1 varnish',
20 verbose headers   'cache-control': 'max-age=300',
20 verbose headers   etag: '"8AZ2D1ONJ2MV7E8NGCSMQU61O"',
20 verbose headers   age: '88',
20 verbose headers   connection: 'keep-alive',
20 verbose headers   'x-served-by': 'cache-fra1225-FRA',
20 verbose headers   'x-cache': 'HIT',
20 verbose headers   'x-cache-hits': '3',
20 verbose headers   'x-timer': 'S1456888737.058919,VS0,VE0',
20 verbose headers   vary: 'Accept' }
21 silly get cb [ 304,
21 silly get   { date: 'Wed, 02 Mar 2016 03:18:57 GMT',
21 silly get     via: '1.1 varnish',
21 silly get     'cache-control': 'max-age=300',
21 silly get     etag: '"8AZ2D1ONJ2MV7E8NGCSMQU61O"',
21 silly get     age: '88',
21 silly get     connection: 'keep-alive',
21 silly get     'x-served-by': 'cache-fra1225-FRA',
21 silly get     'x-cache': 'HIT',
21 silly get     'x-cache-hits': '3',
21 silly get     'x-timer': 'S1456888737.058919,VS0,VE0',
21 silly get     vary: 'Accept' } ]
22 verbose etag https://registry.npmjs.org/node-uuid from cache
23 verbose get saving node-uuid to C:\Users\Andrew\AppData\Roaming\npm-cache\registry.npmjs.org\node-uuid\.cache.json
24 verbose correctMkdir C:\Users\Andrew\AppData\Roaming\npm-cache correctMkdir not in flight; initializing
25 silly install normalizeTree
26 silly loadCurrentTree Finishing
27 silly loadIdealTree Starting
28 silly install loadIdealTree
29 silly cloneCurrentTree Starting
30 silly install cloneCurrentTreeToIdealTree
31 silly cloneCurrentTree Finishing
32 silly loadShrinkwrap Starting
33 silly install loadShrinkwrap
34 silly loadShrinkwrap Finishing
35 silly loadAllDepsIntoIdealTree Starting
36 silly install loadAllDepsIntoIdealTree
37 silly resolveWithNewModule node-uuid@1.4.7 checking installable status
38 silly cache add args [ 'node-uuid', null ]
39 verbose cache add spec node-uuid
40 silly cache add parsed spec Result {
40 silly cache add   raw: 'node-uuid',
40 silly cache add   scope: null,
40 silly cache add   name: 'node-uuid',
40 silly cache add   rawSpec: '',
40 silly cache add   spec: 'latest',
40 silly cache add   type: 'tag' }
41 silly addNamed node-uuid@latest
42 verbose addNamed "latest" is being treated as a dist-tag for node-uuid
43 info addNameTag [ 'node-uuid', 'latest' ]
44 silly mapToRegistry name node-uuid
45 silly mapToRegistry using default registry
46 silly mapToRegistry registry https://registry.npmjs.org/
47 silly mapToRegistry uri https://registry.npmjs.org/node-uuid
48 verbose addNameTag registry:https://registry.npmjs.org/node-uuid not in flight; fetching
49 verbose get https://registry.npmjs.org/node-uuid not expired, no request
50 silly addNameTag next cb for node-uuid with tag latest
51 silly addNamed node-uuid@1.4.7
52 verbose addNamed "1.4.7" is a plain semver version for node-uuid
53 silly cache afterAdd node-uuid@1.4.7
54 verbose afterAdd C:\Users\Andrew\AppData\Roaming\npm-cache\node-uuid\1.4.7\package\package.json not in flight; writing
55 verbose correctMkdir C:\Users\Andrew\AppData\Roaming\npm-cache correctMkdir not in flight; initializing
56 verbose afterAdd C:\Users\Andrew\AppData\Roaming\npm-cache\node-uuid\1.4.7\package\package.json written
57 silly fetchNamedPackageData fsevents
58 silly mapToRegistry name fsevents
59 silly mapToRegistry using default registry
60 silly mapToRegistry registry https://registry.npmjs.org/
61 silly mapToRegistry uri https://registry.npmjs.org/fsevents
62 verbose request uri https://registry.npmjs.org/fsevents
63 verbose request no auth needed
64 info attempt registry request try #1 at 04:19:05
65 verbose etag "9SQPCG4K0YWB0SPZEQHLYN742"
66 http request GET https://registry.npmjs.org/fsevents
67 http 304 https://registry.npmjs.org/fsevents
68 verbose headers { date: 'Wed, 02 Mar 2016 03:18:58 GMT',
68 verbose headers   via: '1.1 varnish',
68 verbose headers   'cache-control': 'max-age=300',
68 verbose headers   etag: '"9SQPCG4K0YWB0SPZEQHLYN742"',
68 verbose headers   age: '98',
68 verbose headers   connection: 'keep-alive',
68 verbose headers   'x-served-by': 'cache-fra1239-FRA',
68 verbose headers   'x-cache': 'HIT',
68 verbose headers   'x-cache-hits': '2',
68 verbose headers   'x-timer': 'S1456888738.059332,VS0,VE0',
68 verbose headers   vary: 'Accept' }
69 silly get cb [ 304,
69 silly get   { date: 'Wed, 02 Mar 2016 03:18:58 GMT',
69 silly get     via: '1.1 varnish',
69 silly get     'cache-control': 'max-age=300',
69 silly get     etag: '"9SQPCG4K0YWB0SPZEQHLYN742"',
69 silly get     age: '98',
69 silly get     connection: 'keep-alive',
69 silly get     'x-served-by': 'cache-fra1239-FRA',
69 silly get     'x-cache': 'HIT',
69 silly get     'x-cache-hits': '2',
69 silly get     'x-timer': 'S1456888738.059332,VS0,VE0',
69 silly get     vary: 'Accept' } ]
70 verbose etag https://registry.npmjs.org/fsevents from cache
71 verbose get saving fsevents to C:\Users\Andrew\AppData\Roaming\npm-cache\registry.npmjs.org\fsevents\.cache.json
72 verbose correctMkdir C:\Users\Andrew\AppData\Roaming\npm-cache correctMkdir not in flight; initializing
73 silly resolveWithNewModule fsevents@1.0.8 checking installable status
74 silly loadAllDepsIntoIdealTree Finishing
75 silly idealTree:prePrune Kanban@1.0.0
75 silly idealTree:prePrune +-- accepts@1.3.1
75 silly idealTree:prePrune +-- align-text@0.1.4
75 silly idealTree:prePrune +-- alphanum-sort@1.0.2
75 silly idealTree:prePrune +-- amdefine@1.0.0
75 silly idealTree:prePrune +-- ansi-regex@2.0.0
75 silly idealTree:prePrune +-- ansi-styles@2.2.0
75 silly idealTree:prePrune | `-- color-convert@1.0.0
75 silly idealTree:prePrune +-- anymatch@1.3.0
75 silly idealTree:prePrune +-- argparse@1.0.6
75 silly idealTree:prePrune +-- arr-diff@2.0.0
75 silly idealTree:prePrune +-- arr-flatten@1.0.1
75 silly idealTree:prePrune +-- array-find@1.0.0
75 silly idealTree:prePrune +-- array-flatten@1.1.1
75 silly idealTree:prePrune +-- array-unique@0.2.1
75 silly idealTree:prePrune +-- arrify@1.0.1
75 silly idealTree:prePrune +-- asap@2.0.3
75 silly idealTree:prePrune +-- assert@1.3.0
75 silly idealTree:prePrune +-- async-each@1.0.0
75 silly idealTree:prePrune +-- async@1.5.2
75 silly idealTree:prePrune +-- autoprefixer@6.3.3
75 silly idealTree:prePrune +-- babel-code-frame@6.6.0
75 silly idealTree:prePrune +-- babel-core@6.6.0
75 silly idealTree:prePrune +-- babel-generator@6.6.0
75 silly idealTree:prePrune +-- babel-helper-builder-react-jsx@6.5.0
75 silly idealTree:prePrune +-- babel-helper-call-delegate@6.6.0
75 silly idealTree:prePrune +-- babel-helper-define-map@6.6.0
75 silly idealTree:prePrune +-- babel-helper-function-name@6.6.0
75 silly idealTree:prePrune +-- babel-helper-get-function-arity@6.5.0
75 silly idealTree:prePrune +-- babel-helper-hoist-variables@6.5.0
75 silly idealTree:prePrune +-- babel-helper-optimise-call-expression@6.6.0
75 silly idealTree:prePrune +-- babel-helper-regex@6.6.0
75 silly idealTree:prePrune +-- babel-helper-replace-supers@6.6.0
75 silly idealTree:prePrune +-- babel-helpers@6.6.0
75 silly idealTree:prePrune +-- babel-loader@6.2.4
75 silly idealTree:prePrune +-- babel-messages@6.6.0
75 silly idealTree:prePrune +-- babel-plugin-array-includes@2.0.3
75 silly idealTree:prePrune +-- babel-plugin-check-es2015-constants@6.5.0
75 silly idealTree:prePrune +-- babel-plugin-react-transform@2.0.0
75 silly idealTree:prePrune +-- babel-plugin-syntax-async-functions@6.5.0
75 silly idealTree:prePrune +-- babel-plugin-syntax-class-properties@6.5.0
75 silly idealTree:prePrune +-- babel-plugin-syntax-decorators@6.5.0
75 silly idealTree:prePrune +-- babel-plugin-syntax-flow@6.5.0
75 silly idealTree:prePrune +-- babel-plugin-syntax-jsx@6.5.0
75 silly idealTree:prePrune +-- babel-plugin-syntax-object-rest-spread@6.5.0
75 silly idealTree:prePrune +-- babel-plugin-transform-class-properties@6.6.0
75 silly idealTree:prePrune +-- babel-plugin-transform-decorators-legacy@1.3.4
75 silly idealTree:prePrune | +-- babel-runtime@6.6.1
75 silly idealTree:prePrune | `-- core-js@2.1.3
75 silly idealTree:prePrune +-- babel-plugin-transform-es2015-arrow-functions@6.5.2
75 silly idealTree:prePrune +-- babel-plugin-transform-es2015-block-scoped-functions@6.5.0
75 silly idealTree:prePrune +-- babel-plugin-transform-es2015-block-scoping@6.6.0
75 silly idealTree:prePrune +-- babel-plugin-transform-es2015-classes@6.6.0
75 silly idealTree:prePrune +-- babel-plugin-transform-es2015-computed-properties@6.5.2
75 silly idealTree:prePrune +-- babel-plugin-transform-es2015-destructuring@6.6.0
75 silly idealTree:prePrune +-- babel-plugin-transform-es2015-duplicate-keys@6.6.0
75 silly idealTree:prePrune +-- babel-plugin-transform-es2015-for-of@6.6.0
75 silly idealTree:prePrune +-- babel-plugin-transform-es2015-function-name@6.5.0
75 silly idealTree:prePrune +-- babel-plugin-transform-es2015-literals@6.5.0
75 silly idealTree:prePrune +-- babel-plugin-transform-es2015-modules-commonjs@6.6.3
75 silly idealTree:prePrune +-- babel-plugin-transform-es2015-object-super@6.5.0
75 silly idealTree:prePrune +-- babel-plugin-transform-es2015-parameters@6.6.0
75 silly idealTree:prePrune +-- babel-plugin-transform-es2015-shorthand-properties@6.5.0
75 silly idealTree:prePrune +-- babel-plugin-transform-es2015-spread@6.5.2
75 silly idealTree:prePrune +-- babel-plugin-transform-es2015-sticky-regex@6.5.0
75 silly idealTree:prePrune +-- babel-plugin-transform-es2015-template-literals@6.6.0
75 silly idealTree:prePrune +-- babel-plugin-transform-es2015-typeof-symbol@6.6.0
75 silly idealTree:prePrune +-- babel-plugin-transform-es2015-unicode-regex@6.5.0
75 silly idealTree:prePrune +-- babel-plugin-transform-flow-strip-types@6.5.0
75 silly idealTree:prePrune +-- babel-plugin-transform-object-assign@6.5.0
75 silly idealTree:prePrune +-- babel-plugin-transform-object-rest-spread@6.5.0
75 silly idealTree:prePrune +-- babel-plugin-transform-react-display-name@6.5.0
75 silly idealTree:prePrune +-- babel-plugin-transform-react-jsx-source@6.5.0
75 silly idealTree:prePrune +-- babel-plugin-transform-react-jsx@6.6.0
75 silly idealTree:prePrune +-- babel-plugin-transform-regenerator@6.6.0
75 silly idealTree:prePrune +-- babel-plugin-transform-strict-mode@6.5.2
75 silly idealTree:prePrune +-- babel-preset-es2015@6.6.0
75 silly idealTree:prePrune +-- babel-preset-react-hmre@1.1.0
75 silly idealTree:prePrune +-- babel-preset-react@6.5.0
75 silly idealTree:prePrune +-- babel-preset-survivejs-kanban@0.3.3
75 silly idealTree:prePrune +-- babel-register@6.6.0
75 silly idealTree:prePrune | `-- core-js@2.1.3
75 silly idealTree:prePrune +-- babel-runtime@5.8.35
75 silly idealTree:prePrune +-- babel-template@6.6.0
75 silly idealTree:prePrune +-- babel-traverse@6.6.3
75 silly idealTree:prePrune +-- babel-types@6.6.0
75 silly idealTree:prePrune +-- babylon@6.6.0
75 silly idealTree:prePrune +-- balanced-match@0.3.0
75 silly idealTree:prePrune +-- base62@0.1.1
75 silly idealTree:prePrune +-- base64-js@0.0.8
75 silly idealTree:prePrune +-- Base64@0.2.1
75 silly idealTree:prePrune +-- batch@0.5.3
75 silly idealTree:prePrune +-- big.js@3.1.3
75 silly idealTree:prePrune +-- binary-extensions@1.4.0
75 silly idealTree:prePrune +-- brace-expansion@1.1.3
75 silly idealTree:prePrune +-- braces@1.8.3
75 silly idealTree:prePrune +-- browserify-zlib@0.1.4
75 silly idealTree:prePrune +-- browserslist@1.1.3
75 silly idealTree:prePrune +-- buffer@3.6.0
75 silly idealTree:prePrune | `-- isarray@1.0.0
75 silly idealTree:prePrune +-- bytes@2.2.0
75 silly idealTree:prePrune +-- camelcase@1.2.1
75 silly idealTree:prePrune +-- caniuse-db@1.0.30000414
75 silly idealTree:prePrune +-- center-align@0.1.3
75 silly idealTree:prePrune +-- chalk@1.1.1
75 silly idealTree:prePrune | `-- supports-color@2.0.0
75 silly idealTree:prePrune +-- chokidar@1.4.3
75 silly idealTree:prePrune +-- clap@1.0.10
75 silly idealTree:prePrune +-- cliui@2.1.0
75 silly idealTree:prePrune | `-- wordwrap@0.0.2
75 silly idealTree:prePrune +-- clone@1.0.2
75 silly idealTree:prePrune +-- coa@1.0.1
75 silly idealTree:prePrune +-- color-convert@0.5.3
75 silly idealTree:prePrune +-- color-name@1.1.1
75 silly idealTree:prePrune +-- color-string@0.3.0
75 silly idealTree:prePrune +-- color@0.11.1
75 silly idealTree:prePrune +-- colormin@1.1.0
75 silly idealTree:prePrune +-- colors@1.1.2
75 silly idealTree:prePrune +-- compressible@2.0.7
75 silly idealTree:prePrune +-- compression@1.6.1
75 silly idealTree:prePrune +-- concat-map@0.0.1
75 silly idealTree:prePrune +-- concat-stream@1.5.1
75 silly idealTree:prePrune +-- connect-history-api-fallback@1.1.0
75 silly idealTree:prePrune +-- console-browserify@1.1.0
75 silly idealTree:prePrune +-- constants-browserify@0.0.1
75 silly idealTree:prePrune +-- content-disposition@0.5.1
75 silly idealTree:prePrune +-- content-type@1.0.1
75 silly idealTree:prePrune +-- convert-source-map@1.2.0
75 silly idealTree:prePrune +-- cookie-signature@1.0.6
75 silly idealTree:prePrune +-- cookie@0.1.5
75 silly idealTree:prePrune +-- core-js@1.2.6
75 silly idealTree:prePrune +-- core-util-is@1.0.2
75 silly idealTree:prePrune +-- cross-spawn-async@2.1.9
75 silly idealTree:prePrune +-- cross-spawn@2.1.5
75 silly idealTree:prePrune +-- crypto-browserify@3.2.8
75 silly idealTree:prePrune +-- css-color-names@0.0.3
75 silly idealTree:prePrune +-- css-loader@0.23.1
75 silly idealTree:prePrune +-- css-selector-tokenizer@0.5.4
75 silly idealTree:prePrune +-- cssesc@0.1.0
75 silly idealTree:prePrune +-- cssnano@3.5.2
75 silly idealTree:prePrune +-- csso@1.4.4
75 silly idealTree:prePrune +-- date-now@0.1.4
75 silly idealTree:prePrune +-- debug@2.2.0
75 silly idealTree:prePrune +-- decamelize@1.1.2
75 silly idealTree:prePrune +-- defined@1.0.0
75 silly idealTree:prePrune +-- depd@1.1.0
75 silly idealTree:prePrune +-- destroy@1.0.4
75 silly idealTree:prePrune +-- detect-indent@3.0.1
75 silly idealTree:prePrune | `-- minimist@1.2.0
75 silly idealTree:prePrune +-- dom-walk@0.1.1
75 silly idealTree:prePrune +-- domain-browser@1.1.7
75 silly idealTree:prePrune +-- ee-first@1.1.1
75 silly idealTree:prePrune +-- enhanced-resolve@0.9.1
75 silly idealTree:prePrune | `-- memory-fs@0.2.0
75 silly idealTree:prePrune +-- envify@3.4.0
75 silly idealTree:prePrune +-- errno@0.1.4
75 silly idealTree:prePrune +-- error-stack-parser@1.3.3
75 silly idealTree:prePrune +-- escape-html@1.0.3
75 silly idealTree:prePrune +-- escape-string-regexp@1.0.5
75 silly idealTree:prePrune +-- esprima@2.7.2
75 silly idealTree:prePrune +-- esutils@2.0.2
75 silly idealTree:prePrune +-- etag@1.7.0
75 silly idealTree:prePrune +-- eventemitter3@1.1.1
75 silly idealTree:prePrune +-- events@1.1.0
75 silly idealTree:prePrune +-- eventsource@0.1.6
75 silly idealTree:prePrune +-- expand-brackets@0.1.4
75 silly idealTree:prePrune +-- expand-range@1.8.1
75 silly idealTree:prePrune +-- express@4.13.4
75 silly idealTree:prePrune | +-- accepts@1.2.13
75 silly idealTree:prePrune | +-- negotiator@0.5.3
75 silly idealTree:prePrune | `-- vary@1.0.1
75 silly idealTree:prePrune +-- extglob@0.3.2
75 silly idealTree:prePrune +-- fastparse@1.1.1
75 silly idealTree:prePrune +-- faye-websocket@0.9.4
75 silly idealTree:prePrune +-- fbjs@0.6.1
75 silly idealTree:prePrune +-- filename-regex@2.0.0
75 silly idealTree:prePrune +-- fill-range@2.2.3
75 silly idealTree:prePrune +-- finalhandler@0.4.1
75 silly idealTree:prePrune +-- flatten@1.0.2
75 silly idealTree:prePrune +-- for-in@0.1.4
75 silly idealTree:prePrune +-- for-own@0.1.3
75 silly idealTree:prePrune +-- forwarded@0.1.0
75 silly idealTree:prePrune +-- fresh@0.3.0
75 silly idealTree:prePrune +-- get-stdin@4.0.1
75 silly idealTree:prePrune +-- glob-base@0.3.0
75 silly idealTree:prePrune +-- glob-parent@2.0.0
75 silly idealTree:prePrune +-- global@4.3.0
75 silly idealTree:prePrune | `-- process@0.5.2
75 silly idealTree:prePrune +-- globals@8.18.0
75 silly idealTree:prePrune +-- graceful-fs@4.1.3
75 silly idealTree:prePrune +-- has-ansi@2.0.0
75 silly idealTree:prePrune +-- has-flag@1.0.0
75 silly idealTree:prePrune +-- has-own@1.0.0
75 silly idealTree:prePrune +-- home-or-tmp@1.0.0
75 silly idealTree:prePrune +-- http-browserify@1.7.0
75 silly idealTree:prePrune +-- http-errors@1.3.1
75 silly idealTree:prePrune +-- http-proxy@1.13.2
75 silly idealTree:prePrune +-- https-browserify@0.0.0
75 silly idealTree:prePrune +-- icss-replace-symbols@1.0.2
75 silly idealTree:prePrune +-- ieee754@1.1.6
75 silly idealTree:prePrune +-- indexes-of@1.0.1
75 silly idealTree:prePrune +-- indexof@0.0.1
75 silly idealTree:prePrune +-- inherit@2.2.3
75 silly idealTree:prePrune +-- inherits@2.0.1
75 silly idealTree:prePrune +-- interpret@0.6.6
75 silly idealTree:prePrune +-- invariant@2.2.0
75 silly idealTree:prePrune +-- ipaddr.js@1.0.5
75 silly idealTree:prePrune +-- is-absolute-url@2.0.0
75 silly idealTree:prePrune +-- is-absolute@0.1.7
75 silly idealTree:prePrune +-- is-binary-path@1.0.1
75 silly idealTree:prePrune +-- is-buffer@1.1.2
75 silly idealTree:prePrune +-- is-dotfile@1.0.2
75 silly idealTree:prePrune +-- is-equal-shallow@0.1.3
75 silly idealTree:prePrune +-- is-extendable@0.1.1
75 silly idealTree:prePrune +-- is-extglob@1.0.0
75 silly idealTree:prePrune +-- is-finite@1.0.1
75 silly idealTree:prePrune +-- is-glob@2.0.1
75 silly idealTree:prePrune +-- is-integer@1.0.6
75 silly idealTree:prePrune +-- is-number@2.1.0
75 silly idealTree:prePrune +-- is-plain-obj@1.1.0
75 silly idealTree:prePrune +-- is-primitive@2.0.0
75 silly idealTree:prePrune +-- is-relative@0.1.3
75 silly idealTree:prePrune +-- is-svg@1.1.1
75 silly idealTree:prePrune +-- isarray@0.0.1
75 silly idealTree:prePrune +-- isexe@1.1.2
75 silly idealTree:prePrune +-- isobject@2.0.0
75 silly idealTree:prePrune +-- js-base64@2.1.9
75 silly idealTree:prePrune +-- js-tokens@1.0.2
75 silly idealTree:prePrune +-- js-yaml@3.4.6
75 silly idealTree:prePrune +-- jsesc@0.5.0
75 silly idealTree:prePrune +-- json3@3.3.2
75 silly idealTree:prePrune +-- json5@0.4.0
75 silly idealTree:prePrune +-- jstransform@10.1.0
75 silly idealTree:prePrune | +-- esprima-fb@13001.1001.0-dev-harmony-fb
75 silly idealTree:prePrune | `-- source-map@0.1.31
75 silly idealTree:prePrune +-- kind-of@3.0.2
75 silly idealTree:prePrune +-- lazy-cache@1.0.3
75 silly idealTree:prePrune +-- left-pad@0.0.3
75 silly idealTree:prePrune +-- line-numbers@0.2.0
75 silly idealTree:prePrune +-- loader-utils@0.2.12
75 silly idealTree:prePrune +-- lodash._arraycopy@3.0.0
75 silly idealTree:prePrune +-- lodash._arrayeach@3.0.0
75 silly idealTree:prePrune +-- lodash._basecallback@3.3.1
75 silly idealTree:prePrune +-- lodash._basecopy@3.0.1
75 silly idealTree:prePrune +-- lodash._baseeach@3.0.4
75 silly idealTree:prePrune +-- lodash._basefind@3.0.0
75 silly idealTree:prePrune +-- lodash._basefindindex@3.6.0
75 silly idealTree:prePrune +-- lodash._basefor@3.0.3
75 silly idealTree:prePrune +-- lodash._baseisequal@3.0.7
75 silly idealTree:prePrune +-- lodash._bindcallback@3.0.1
75 silly idealTree:prePrune +-- lodash._createassigner@3.1.1
75 silly idealTree:prePrune +-- lodash._createcompounder@3.0.0
75 silly idealTree:prePrune +-- lodash._getnative@3.9.1
75 silly idealTree:prePrune +-- lodash._isiterateecall@3.0.9
75 silly idealTree:prePrune +-- lodash._root@3.0.1
75 silly idealTree:prePrune +-- lodash.camelcase@3.0.1
75 silly idealTree:prePrune +-- lodash.deburr@3.2.0
75 silly idealTree:prePrune +-- lodash.find@3.2.1
75 silly idealTree:prePrune +-- lodash.isarguments@3.0.7
75 silly idealTree:prePrune +-- lodash.isarray@3.0.4
75 silly idealTree:prePrune +-- lodash.isplainobject@3.2.0
75 silly idealTree:prePrune +-- lodash.istypedarray@3.0.5
75 silly idealTree:prePrune +-- lodash.kebabcase@3.1.1
75 silly idealTree:prePrune +-- lodash.keys@3.1.2
75 silly idealTree:prePrune +-- lodash.keysin@3.0.8
75 silly idealTree:prePrune +-- lodash.merge@3.3.2
75 silly idealTree:prePrune +-- lodash.pairs@3.0.1
75 silly idealTree:prePrune +-- lodash.restparam@3.6.1
75 silly idealTree:prePrune +-- lodash.toplainobject@3.0.0
75 silly idealTree:prePrune +-- lodash.words@3.2.0
75 silly idealTree:prePrune +-- lodash@3.10.1
75 silly idealTree:prePrune +-- longest@1.0.1
75 silly idealTree:prePrune +-- loose-envify@1.1.0
75 silly idealTree:prePrune +-- lru-cache@4.0.0
75 silly idealTree:prePrune +-- media-typer@0.3.0
75 silly idealTree:prePrune +-- memory-fs@0.3.0
75 silly idealTree:prePrune +-- merge-descriptors@1.0.1
75 silly idealTree:prePrune +-- methods@1.1.2
75 silly idealTree:prePrune +-- micromatch@2.3.7
75 silly idealTree:prePrune +-- mime-db@1.22.0
75 silly idealTree:prePrune +-- mime-types@2.1.10
75 silly idealTree:prePrune +-- mime@1.3.4
75 silly idealTree:prePrune +-- min-document@2.18.0
75 silly idealTree:prePrune +-- minimatch@2.0.10
75 silly idealTree:prePrune +-- minimist@0.0.8
75 silly idealTree:prePrune +-- mkdirp@0.5.1
75 silly idealTree:prePrune +-- ms@0.7.1
75 silly idealTree:prePrune +-- negotiator@0.6.0
75 silly idealTree:prePrune +-- node-libs-browser@0.5.3
75 silly idealTree:prePrune | `-- readable-stream@1.1.13
75 silly idealTree:prePrune +-- node-uuid@1.4.7
75 silly idealTree:prePrune +-- normalize-path@2.0.1
75 silly idealTree:prePrune +-- normalize-range@0.1.2
75 silly idealTree:prePrune +-- normalize-url@1.4.1
75 silly idealTree:prePrune +-- npm-install-webpack-plugin@2.0.2
75 silly idealTree:prePrune +-- num2fraction@1.2.2
75 silly idealTree:prePrune +-- number-is-nan@1.0.0
75 silly idealTree:prePrune +-- object-assign@4.0.1
75 silly idealTree:prePrune +-- object.omit@2.0.0
75 silly idealTree:prePrune +-- on-finished@2.3.0
75 silly idealTree:prePrune +-- on-headers@1.0.1
75 silly idealTree:prePrune +-- optimist@0.6.1
75 silly idealTree:prePrune +-- original@1.0.0
75 silly idealTree:prePrune +-- os-browserify@0.1.2
75 silly idealTree:prePrune +-- os-shim@0.1.3
75 silly idealTree:prePrune +-- os-tmpdir@1.0.1
75 silly idealTree:prePrune +-- pako@0.2.8
75 silly idealTree:prePrune +-- parse-glob@3.0.4
75 silly idealTree:prePrune +-- parseurl@1.3.1
75 silly idealTree:prePrune +-- path-browserify@0.0.0
75 silly idealTree:prePrune +-- path-exists@1.0.0
75 silly idealTree:prePrune +-- path-is-absolute@1.0.0
75 silly idealTree:prePrune +-- path-to-regexp@0.1.7
75 silly idealTree:prePrune +-- pbkdf2-compat@2.0.1
75 silly idealTree:prePrune +-- postcss-calc@5.2.0
75 silly idealTree:prePrune +-- postcss-colormin@2.2.0
75 silly idealTree:prePrune +-- postcss-convert-values@2.3.4
75 silly idealTree:prePrune +-- postcss-discard-comments@2.0.4
75 silly idealTree:prePrune +-- postcss-discard-duplicates@2.0.1
75 silly idealTree:prePrune +-- postcss-discard-empty@2.0.1
75 silly idealTree:prePrune +-- postcss-discard-unused@2.2.1
75 silly idealTree:prePrune +-- postcss-filter-plugins@2.0.0
75 silly idealTree:prePrune +-- postcss-merge-idents@2.1.5
75 silly idealTree:prePrune +-- postcss-merge-longhand@2.0.1
75 silly idealTree:prePrune +-- postcss-merge-rules@2.0.6
75 silly idealTree:prePrune +-- postcss-message-helpers@2.0.0
75 silly idealTree:prePrune +-- postcss-minify-font-values@1.0.3
75 silly idealTree:prePrune +-- postcss-minify-gradients@1.0.1
75 silly idealTree:prePrune +-- postcss-minify-params@1.0.4
75 silly idealTree:prePrune +-- postcss-minify-selectors@2.0.4
75 silly idealTree:prePrune +-- postcss-modules-extract-imports@1.0.0
75 silly idealTree:prePrune +-- postcss-modules-local-by-default@1.0.1
75 silly idealTree:prePrune +-- postcss-modules-scope@1.0.0
75 silly idealTree:prePrune +-- postcss-modules-values@1.1.1
75 silly idealTree:prePrune +-- postcss-normalize-charset@1.1.0
75 silly idealTree:prePrune +-- postcss-normalize-url@3.0.7
75 silly idealTree:prePrune +-- postcss-ordered-values@2.1.0
75 silly idealTree:prePrune +-- postcss-reduce-idents@2.3.0
75 silly idealTree:prePrune +-- postcss-reduce-transforms@1.0.3
75 silly idealTree:prePrune +-- postcss-selector-parser@1.3.2
75 silly idealTree:prePrune +-- postcss-svgo@2.1.2
75 silly idealTree:prePrune +-- postcss-unique-selectors@2.0.2
75 silly idealTree:prePrune +-- postcss-value-parser@3.3.0
75 silly idealTree:prePrune +-- postcss-zindex@2.0.1
75 silly idealTree:prePrune +-- postcss@5.0.18
75 silly idealTree:prePrune +-- prepend-http@1.0.3
75 silly idealTree:prePrune +-- preserve@0.2.0
75 silly idealTree:prePrune +-- private@0.1.6
75 silly idealTree:prePrune +-- process-nextick-args@1.0.6
75 silly idealTree:prePrune +-- process@0.11.2
75 silly idealTree:prePrune +-- promise@7.1.1
75 silly idealTree:prePrune +-- proxy-addr@1.0.10
75 silly idealTree:prePrune +-- prr@0.0.0
75 silly idealTree:prePrune +-- pseudomap@1.0.2
75 silly idealTree:prePrune +-- punycode@1.4.0
75 silly idealTree:prePrune +-- q@1.4.1
75 silly idealTree:prePrune +-- qs@4.0.0
75 silly idealTree:prePrune +-- query-string@3.0.1
75 silly idealTree:prePrune +-- querystring-es3@0.2.1
75 silly idealTree:prePrune +-- querystring@0.2.0
75 silly idealTree:prePrune +-- querystringify@0.0.3
75 silly idealTree:prePrune +-- randomatic@1.1.5
75 silly idealTree:prePrune +-- range-parser@1.0.3
75 silly idealTree:prePrune +-- react-deep-force-update@1.0.1
75 silly idealTree:prePrune +-- react-dom@0.14.7
75 silly idealTree:prePrune +-- react-proxy@1.1.2
75 silly idealTree:prePrune +-- react-transform-catch-errors@1.0.2
75 silly idealTree:prePrune +-- react-transform-hmr@1.0.2
75 silly idealTree:prePrune +-- react@0.14.7
75 silly idealTree:prePrune +-- readable-stream@2.0.5
75 silly idealTree:prePrune +-- readdirp@2.0.0
75 silly idealTree:prePrune +-- redbox-react@1.2.2
75 silly idealTree:prePrune +-- reduce-css-calc@1.2.1
75 silly idealTree:prePrune | `-- balanced-match@0.1.0
75 silly idealTree:prePrune +-- reduce-function-call@1.0.1
75 silly idealTree:prePrune | `-- balanced-match@0.1.0
75 silly idealTree:prePrune +-- regenerate@1.2.1
75 silly idealTree:prePrune +-- regex-cache@0.4.2
75 silly idealTree:prePrune +-- regexpu-core@1.0.0
75 silly idealTree:prePrune +-- regjsgen@0.2.0
75 silly idealTree:prePrune +-- regjsparser@0.1.5
75 silly idealTree:prePrune +-- repeat-element@1.1.2
75 silly idealTree:prePrune +-- repeat-string@1.5.4
75 silly idealTree:prePrune +-- repeating@1.1.3
75 silly idealTree:prePrune +-- requires-port@1.0.0
75 silly idealTree:prePrune +-- right-align@0.1.3
75 silly idealTree:prePrune +-- ripemd160@0.2.0
75 silly idealTree:prePrune +-- sax@1.1.5
75 silly idealTree:prePrune +-- send@0.13.1
75 silly idealTree:prePrune +-- serve-index@1.7.3
75 silly idealTree:prePrune | +-- accepts@1.2.13
75 silly idealTree:prePrune | `-- negotiator@0.5.3
75 silly idealTree:prePrune +-- serve-static@1.10.2
75 silly idealTree:prePrune +-- sha.js@2.2.6
75 silly idealTree:prePrune +-- shebang-regex@1.0.0
75 silly idealTree:prePrune +-- slash@1.0.0
75 silly idealTree:prePrune +-- sockjs-client@1.0.3
75 silly idealTree:prePrune | `-- faye-websocket@0.7.3
75 silly idealTree:prePrune +-- sockjs@0.3.15
75 silly idealTree:prePrune +-- sort-keys@1.1.1
75 silly idealTree:prePrune +-- source-list-map@0.1.5
75 silly idealTree:prePrune +-- source-map-support@0.2.10
75 silly idealTree:prePrune | `-- source-map@0.1.32
75 silly idealTree:prePrune +-- source-map@0.5.3
75 silly idealTree:prePrune +-- spawn-sync@1.0.15
75 silly idealTree:prePrune +-- sprintf-js@1.0.3
75 silly idealTree:prePrune +-- stackframe@0.3.1
75 silly idealTree:prePrune +-- statuses@1.2.1
75 silly idealTree:prePrune +-- stream-browserify@1.0.0
75 silly idealTree:prePrune | `-- readable-stream@1.1.13
75 silly idealTree:prePrune +-- stream-cache@0.0.2
75 silly idealTree:prePrune +-- strict-uri-encode@1.1.0
75 silly idealTree:prePrune +-- string_decoder@0.10.31
75 silly idealTree:prePrune +-- strip-ansi@3.0.1
75 silly idealTree:prePrune +-- style-loader@0.13.0
75 silly idealTree:prePrune +-- supports-color@3.1.2
75 silly idealTree:prePrune +-- svgo@0.6.1
75 silly idealTree:prePrune +-- tapable@0.1.10
75 silly idealTree:prePrune +-- through@2.3.8
75 silly idealTree:prePrune +-- timers-browserify@1.4.2
75 silly idealTree:prePrune +-- to-fast-properties@1.0.1
75 silly idealTree:prePrune +-- trim-right@1.0.1
75 silly idealTree:prePrune +-- tty-browserify@0.0.0
75 silly idealTree:prePrune +-- type-is@1.6.12
75 silly idealTree:prePrune +-- typedarray@0.0.6
75 silly idealTree:prePrune +-- ua-parser-js@0.7.10
75 silly idealTree:prePrune +-- uglify-js@2.6.2
75 silly idealTree:prePrune | `-- async@0.2.10
75 silly idealTree:prePrune +-- uglify-to-browserify@1.0.2
75 silly idealTree:prePrune +-- uniq@1.0.1
75 silly idealTree:prePrune +-- uniqid@1.0.0
75 silly idealTree:prePrune +-- uniqs@2.0.0
75 silly idealTree:prePrune +-- unpipe@1.0.0
75 silly idealTree:prePrune +-- url-parse@1.0.5
75 silly idealTree:prePrune +-- url@0.10.3
75 silly idealTree:prePrune | `-- punycode@1.3.2
75 silly idealTree:prePrune +-- user-home@1.1.1
75 silly idealTree:prePrune +-- util-deprecate@1.0.2
75 silly idealTree:prePrune +-- util@0.10.3
75 silly idealTree:prePrune +-- utils-merge@1.0.0
75 silly idealTree:prePrune +-- vary@1.1.0
75 silly idealTree:prePrune +-- vm-browserify@0.0.4
75 silly idealTree:prePrune +-- watchpack@0.2.9
75 silly idealTree:prePrune | `-- async@0.9.2
75 silly idealTree:prePrune +-- webpack-core@0.6.8
75 silly idealTree:prePrune | `-- source-map@0.4.4
75 silly idealTree:prePrune +-- webpack-dev-middleware@1.5.1
75 silly idealTree:prePrune +-- webpack-dev-server@1.14.1
75 silly idealTree:prePrune +-- webpack-merge@0.7.3
75 silly idealTree:prePrune +-- webpack@1.12.14
75 silly idealTree:prePrune +-- websocket-driver@0.6.4
75 silly idealTree:prePrune +-- websocket-extensions@0.1.1
75 silly idealTree:prePrune +-- whatwg-fetch@0.9.0
75 silly idealTree:prePrune +-- whet.extend@0.9.9
75 silly idealTree:prePrune +-- which@1.2.4
75 silly idealTree:prePrune +-- window-size@0.1.0
75 silly idealTree:prePrune +-- wordwrap@0.0.3
75 silly idealTree:prePrune +-- yallist@2.0.0
75 silly idealTree:prePrune `-- yargs@3.10.0
76 silly loadIdealTree Finishing
77 silly currentTree Kanban@1.0.0
77 silly currentTree +-- accepts@1.3.1
77 silly currentTree +-- align-text@0.1.4
77 silly currentTree +-- alphanum-sort@1.0.2
77 silly currentTree +-- amdefine@1.0.0
77 silly currentTree +-- ansi-regex@2.0.0
77 silly currentTree +-- ansi-styles@2.2.0
77 silly currentTree | `-- color-convert@1.0.0
77 silly currentTree +-- anymatch@1.3.0
77 silly currentTree +-- argparse@1.0.6
77 silly currentTree +-- arr-diff@2.0.0
77 silly currentTree +-- arr-flatten@1.0.1
77 silly currentTree +-- array-find@1.0.0
77 silly currentTree +-- array-flatten@1.1.1
77 silly currentTree +-- array-unique@0.2.1
77 silly currentTree +-- arrify@1.0.1
77 silly currentTree +-- asap@2.0.3
77 silly currentTree +-- assert@1.3.0
77 silly currentTree +-- async-each@1.0.0
77 silly currentTree +-- async@1.5.2
77 silly currentTree +-- autoprefixer@6.3.3
77 silly currentTree +-- babel-code-frame@6.6.0
77 silly currentTree +-- babel-core@6.6.0
77 silly currentTree +-- babel-generator@6.6.0
77 silly currentTree +-- babel-helper-builder-react-jsx@6.5.0
77 silly currentTree +-- babel-helper-call-delegate@6.6.0
77 silly currentTree +-- babel-helper-define-map@6.6.0
77 silly currentTree +-- babel-helper-function-name@6.6.0
77 silly currentTree +-- babel-helper-get-function-arity@6.5.0
77 silly currentTree +-- babel-helper-hoist-variables@6.5.0
77 silly currentTree +-- babel-helper-optimise-call-expression@6.6.0
77 silly currentTree +-- babel-helper-regex@6.6.0
77 silly currentTree +-- babel-helper-replace-supers@6.6.0
77 silly currentTree +-- babel-helpers@6.6.0
77 silly currentTree +-- babel-loader@6.2.4
77 silly currentTree +-- babel-messages@6.6.0
77 silly currentTree +-- babel-plugin-array-includes@2.0.3
77 silly currentTree +-- babel-plugin-check-es2015-constants@6.5.0
77 silly currentTree +-- babel-plugin-react-transform@2.0.0
77 silly currentTree +-- babel-plugin-syntax-async-functions@6.5.0
77 silly currentTree +-- babel-plugin-syntax-class-properties@6.5.0
77 silly currentTree +-- babel-plugin-syntax-decorators@6.5.0
77 silly currentTree +-- babel-plugin-syntax-flow@6.5.0
77 silly currentTree +-- babel-plugin-syntax-jsx@6.5.0
77 silly currentTree +-- babel-plugin-syntax-object-rest-spread@6.5.0
77 silly currentTree +-- babel-plugin-transform-class-properties@6.6.0
77 silly currentTree +-- babel-plugin-transform-decorators-legacy@1.3.4
77 silly currentTree | +-- babel-runtime@6.6.1
77 silly currentTree | `-- core-js@2.1.3
77 silly currentTree +-- babel-plugin-transform-es2015-arrow-functions@6.5.2
77 silly currentTree +-- babel-plugin-transform-es2015-block-scoped-functions@6.5.0
77 silly currentTree +-- babel-plugin-transform-es2015-block-scoping@6.6.0
77 silly currentTree +-- babel-plugin-transform-es2015-classes@6.6.0
77 silly currentTree +-- babel-plugin-transform-es2015-computed-properties@6.5.2
77 silly currentTree +-- babel-plugin-transform-es2015-destructuring@6.6.0
77 silly currentTree +-- babel-plugin-transform-es2015-duplicate-keys@6.6.0
77 silly currentTree +-- babel-plugin-transform-es2015-for-of@6.6.0
77 silly currentTree +-- babel-plugin-transform-es2015-function-name@6.5.0
77 silly currentTree +-- babel-plugin-transform-es2015-literals@6.5.0
77 silly currentTree +-- babel-plugin-transform-es2015-modules-commonjs@6.6.3
77 silly currentTree +-- babel-plugin-transform-es2015-object-super@6.5.0
77 silly currentTree +-- babel-plugin-transform-es2015-parameters@6.6.0
77 silly currentTree +-- babel-plugin-transform-es2015-shorthand-properties@6.5.0
77 silly currentTree +-- babel-plugin-transform-es2015-spread@6.5.2
77 silly currentTree +-- babel-plugin-transform-es2015-sticky-regex@6.5.0
77 silly currentTree +-- babel-plugin-transform-es2015-template-literals@6.6.0
77 silly currentTree +-- babel-plugin-transform-es2015-typeof-symbol@6.6.0
77 silly currentTree +-- babel-plugin-transform-es2015-unicode-regex@6.5.0
77 silly currentTree +-- babel-plugin-transform-flow-strip-types@6.5.0
77 silly currentTree +-- babel-plugin-transform-object-assign@6.5.0
77 silly currentTree +-- babel-plugin-transform-object-rest-spread@6.5.0
77 silly currentTree +-- babel-plugin-transform-react-display-name@6.5.0
77 silly currentTree +-- babel-plugin-transform-react-jsx-source@6.5.0
77 silly currentTree +-- babel-plugin-transform-react-jsx@6.6.0
77 silly currentTree +-- babel-plugin-transform-regenerator@6.6.0
77 silly currentTree +-- babel-plugin-transform-strict-mode@6.5.2
77 silly currentTree +-- babel-preset-es2015@6.6.0
77 silly currentTree +-- babel-preset-react-hmre@1.1.0
77 silly currentTree +-- babel-preset-react@6.5.0
77 silly currentTree +-- babel-preset-survivejs-kanban@0.3.3
77 silly currentTree +-- babel-register@6.6.0
77 silly currentTree | `-- core-js@2.1.3
77 silly currentTree +-- babel-runtime@5.8.35
77 silly currentTree +-- babel-template@6.6.0
77 silly currentTree +-- babel-traverse@6.6.3
77 silly currentTree +-- babel-types@6.6.0
77 silly currentTree +-- babylon@6.6.0
77 silly currentTree +-- balanced-match@0.3.0
77 silly currentTree +-- base62@0.1.1
77 silly currentTree +-- base64-js@0.0.8
77 silly currentTree +-- Base64@0.2.1
77 silly currentTree +-- batch@0.5.3
77 silly currentTree +-- big.js@3.1.3
77 silly currentTree +-- binary-extensions@1.4.0
77 silly currentTree +-- brace-expansion@1.1.3
77 silly currentTree +-- braces@1.8.3
77 silly currentTree +-- browserify-zlib@0.1.4
77 silly currentTree +-- browserslist@1.1.3
77 silly currentTree +-- buffer@3.6.0
77 silly currentTree | `-- isarray@1.0.0
77 silly currentTree +-- bytes@2.2.0
77 silly currentTree +-- camelcase@1.2.1
77 silly currentTree +-- caniuse-db@1.0.30000414
77 silly currentTree +-- center-align@0.1.3
77 silly currentTree +-- chalk@1.1.1
77 silly currentTree | `-- supports-color@2.0.0
77 silly currentTree +-- chokidar@1.4.3
77 silly currentTree +-- clap@1.0.10
77 silly currentTree +-- cliui@2.1.0
77 silly currentTree | `-- wordwrap@0.0.2
77 silly currentTree +-- clone@1.0.2
77 silly currentTree +-- coa@1.0.1
77 silly currentTree +-- color-convert@0.5.3
77 silly currentTree +-- color-name@1.1.1
77 silly currentTree +-- color-string@0.3.0
77 silly currentTree +-- color@0.11.1
77 silly currentTree +-- colormin@1.1.0
77 silly currentTree +-- colors@1.1.2
77 silly currentTree +-- compressible@2.0.7
77 silly currentTree +-- compression@1.6.1
77 silly currentTree +-- concat-map@0.0.1
77 silly currentTree +-- concat-stream@1.5.1
77 silly currentTree +-- connect-history-api-fallback@1.1.0
77 silly currentTree +-- console-browserify@1.1.0
77 silly currentTree +-- constants-browserify@0.0.1
77 silly currentTree +-- content-disposition@0.5.1
77 silly currentTree +-- content-type@1.0.1
77 silly currentTree +-- convert-source-map@1.2.0
77 silly currentTree +-- cookie-signature@1.0.6
77 silly currentTree +-- cookie@0.1.5
77 silly currentTree +-- core-js@1.2.6
77 silly currentTree +-- core-util-is@1.0.2
77 silly currentTree +-- cross-spawn-async@2.1.9
77 silly currentTree +-- cross-spawn@2.1.5
77 silly currentTree +-- crypto-browserify@3.2.8
77 silly currentTree +-- css-color-names@0.0.3
77 silly currentTree +-- css-loader@0.23.1
77 silly currentTree +-- css-selector-tokenizer@0.5.4
77 silly currentTree +-- cssesc@0.1.0
77 silly currentTree +-- cssnano@3.5.2
77 silly currentTree +-- csso@1.4.4
77 silly currentTree +-- date-now@0.1.4
77 silly currentTree +-- debug@2.2.0
77 silly currentTree +-- decamelize@1.1.2
77 silly currentTree +-- defined@1.0.0
77 silly currentTree +-- depd@1.1.0
77 silly currentTree +-- destroy@1.0.4
77 silly currentTree +-- detect-indent@3.0.1
77 silly currentTree | `-- minimist@1.2.0
77 silly currentTree +-- dom-walk@0.1.1
77 silly currentTree +-- domain-browser@1.1.7
77 silly currentTree +-- ee-first@1.1.1
77 silly currentTree +-- enhanced-resolve@0.9.1
77 silly currentTree | `-- memory-fs@0.2.0
77 silly currentTree +-- envify@3.4.0
77 silly currentTree +-- errno@0.1.4
77 silly currentTree +-- error-stack-parser@1.3.3
77 silly currentTree +-- escape-html@1.0.3
77 silly currentTree +-- escape-string-regexp@1.0.5
77 silly currentTree +-- esprima@2.7.2
77 silly currentTree +-- esutils@2.0.2
77 silly currentTree +-- etag@1.7.0
77 silly currentTree +-- eventemitter3@1.1.1
77 silly currentTree +-- events@1.1.0
77 silly currentTree +-- eventsource@0.1.6
77 silly currentTree +-- expand-brackets@0.1.4
77 silly currentTree +-- expand-range@1.8.1
77 silly currentTree +-- express@4.13.4
77 silly currentTree | +-- accepts@1.2.13
77 silly currentTree | +-- negotiator@0.5.3
77 silly currentTree | `-- vary@1.0.1
77 silly currentTree +-- extglob@0.3.2
77 silly currentTree +-- fastparse@1.1.1
77 silly currentTree +-- faye-websocket@0.9.4
77 silly currentTree +-- fbjs@0.6.1
77 silly currentTree +-- filename-regex@2.0.0
77 silly currentTree +-- fill-range@2.2.3
77 silly currentTree +-- finalhandler@0.4.1
77 silly currentTree +-- flatten@1.0.2
77 silly currentTree +-- for-in@0.1.4
77 silly currentTree +-- for-own@0.1.3
77 silly currentTree +-- forwarded@0.1.0
77 silly currentTree +-- fresh@0.3.0
77 silly currentTree +-- get-stdin@4.0.1
77 silly currentTree +-- glob-base@0.3.0
77 silly currentTree +-- glob-parent@2.0.0
77 silly currentTree +-- global@4.3.0
77 silly currentTree | `-- process@0.5.2
77 silly currentTree +-- globals@8.18.0
77 silly currentTree +-- graceful-fs@4.1.3
77 silly currentTree +-- has-ansi@2.0.0
77 silly currentTree +-- has-flag@1.0.0
77 silly currentTree +-- has-own@1.0.0
77 silly currentTree +-- home-or-tmp@1.0.0
77 silly currentTree +-- http-browserify@1.7.0
77 silly currentTree +-- http-errors@1.3.1
77 silly currentTree +-- http-proxy@1.13.2
77 silly currentTree +-- https-browserify@0.0.0
77 silly currentTree +-- icss-replace-symbols@1.0.2
77 silly currentTree +-- ieee754@1.1.6
77 silly currentTree +-- indexes-of@1.0.1
77 silly currentTree +-- indexof@0.0.1
77 silly currentTree +-- inherit@2.2.3
77 silly currentTree +-- inherits@2.0.1
77 silly currentTree +-- interpret@0.6.6
77 silly currentTree +-- invariant@2.2.0
77 silly currentTree +-- ipaddr.js@1.0.5
77 silly currentTree +-- is-absolute-url@2.0.0
77 silly currentTree +-- is-absolute@0.1.7
77 silly currentTree +-- is-binary-path@1.0.1
77 silly currentTree +-- is-buffer@1.1.2
77 silly currentTree +-- is-dotfile@1.0.2
77 silly currentTree +-- is-equal-shallow@0.1.3
77 silly currentTree +-- is-extendable@0.1.1
77 silly currentTree +-- is-extglob@1.0.0
77 silly currentTree +-- is-finite@1.0.1
77 silly currentTree +-- is-glob@2.0.1
77 silly currentTree +-- is-integer@1.0.6
77 silly currentTree +-- is-number@2.1.0
77 silly currentTree +-- is-plain-obj@1.1.0
77 silly currentTree +-- is-primitive@2.0.0
77 silly currentTree +-- is-relative@0.1.3
77 silly currentTree +-- is-svg@1.1.1
77 silly currentTree +-- isarray@0.0.1
77 silly currentTree +-- isexe@1.1.2
77 silly currentTree +-- isobject@2.0.0
77 silly currentTree +-- js-base64@2.1.9
77 silly currentTree +-- js-tokens@1.0.2
77 silly currentTree +-- js-yaml@3.4.6
77 silly currentTree +-- jsesc@0.5.0
77 silly currentTree +-- json3@3.3.2
77 silly currentTree +-- json5@0.4.0
77 silly currentTree +-- jstransform@10.1.0
77 silly currentTree | +-- esprima-fb@13001.1001.0-dev-harmony-fb
77 silly currentTree | `-- source-map@0.1.31
77 silly currentTree +-- kind-of@3.0.2
77 silly currentTree +-- lazy-cache@1.0.3
77 silly currentTree +-- left-pad@0.0.3
77 silly currentTree +-- line-numbers@0.2.0
77 silly currentTree +-- loader-utils@0.2.12
77 silly currentTree +-- lodash._arraycopy@3.0.0
77 silly currentTree +-- lodash._arrayeach@3.0.0
77 silly currentTree +-- lodash._basecallback@3.3.1
77 silly currentTree +-- lodash._basecopy@3.0.1
77 silly currentTree +-- lodash._baseeach@3.0.4
77 silly currentTree +-- lodash._basefind@3.0.0
77 silly currentTree +-- lodash._basefindindex@3.6.0
77 silly currentTree +-- lodash._basefor@3.0.3
77 silly currentTree +-- lodash._baseisequal@3.0.7
77 silly currentTree +-- lodash._bindcallback@3.0.1
77 silly currentTree +-- lodash._createassigner@3.1.1
77 silly currentTree +-- lodash._createcompounder@3.0.0
77 silly currentTree +-- lodash._getnative@3.9.1
77 silly currentTree +-- lodash._isiterateecall@3.0.9
77 silly currentTree +-- lodash._root@3.0.1
77 silly currentTree +-- lodash.camelcase@3.0.1
77 silly currentTree +-- lodash.deburr@3.2.0
77 silly currentTree +-- lodash.find@3.2.1
77 silly currentTree +-- lodash.isarguments@3.0.7
77 silly currentTree +-- lodash.isarray@3.0.4
77 silly currentTree +-- lodash.isplainobject@3.2.0
77 silly currentTree +-- lodash.istypedarray@3.0.5
77 silly currentTree +-- lodash.kebabcase@3.1.1
77 silly currentTree +-- lodash.keys@3.1.2
77 silly currentTree +-- lodash.keysin@3.0.8
77 silly currentTree +-- lodash.merge@3.3.2
77 silly currentTree +-- lodash.pairs@3.0.1
77 silly currentTree +-- lodash.restparam@3.6.1
77 silly currentTree +-- lodash.toplainobject@3.0.0
77 silly currentTree +-- lodash.words@3.2.0
77 silly currentTree +-- lodash@3.10.1
77 silly currentTree +-- longest@1.0.1
77 silly currentTree +-- loose-envify@1.1.0
77 silly currentTree +-- lru-cache@4.0.0
77 silly currentTree +-- media-typer@0.3.0
77 silly currentTree +-- memory-fs@0.3.0
77 silly currentTree +-- merge-descriptors@1.0.1
77 silly currentTree +-- methods@1.1.2
77 silly currentTree +-- micromatch@2.3.7
77 silly currentTree +-- mime-db@1.22.0
77 silly currentTree +-- mime-types@2.1.10
77 silly currentTree +-- mime@1.3.4
77 silly currentTree +-- min-document@2.18.0
77 silly currentTree +-- minimatch@2.0.10
77 silly currentTree +-- minimist@0.0.8
77 silly currentTree +-- mkdirp@0.5.1
77 silly currentTree +-- ms@0.7.1
77 silly currentTree +-- negotiator@0.6.0
77 silly currentTree +-- node-libs-browser@0.5.3
77 silly currentTree | `-- readable-stream@1.1.13
77 silly currentTree +-- node-uuid@1.4.7
77 silly currentTree +-- normalize-path@2.0.1
77 silly currentTree +-- normalize-range@0.1.2
77 silly currentTree +-- normalize-url@1.4.1
77 silly currentTree +-- npm-install-webpack-plugin@2.0.2
77 silly currentTree +-- num2fraction@1.2.2
77 silly currentTree +-- number-is-nan@1.0.0
77 silly currentTree +-- object-assign@4.0.1
77 silly currentTree +-- object.omit@2.0.0
77 silly currentTree +-- on-finished@2.3.0
77 silly currentTree +-- on-headers@1.0.1
77 silly currentTree +-- optimist@0.6.1
77 silly currentTree +-- original@1.0.0
77 silly currentTree +-- os-browserify@0.1.2
77 silly currentTree +-- os-shim@0.1.3
77 silly currentTree +-- os-tmpdir@1.0.1
77 silly currentTree +-- pako@0.2.8
77 silly currentTree +-- parse-glob@3.0.4
77 silly currentTree +-- parseurl@1.3.1
77 silly currentTree +-- path-browserify@0.0.0
77 silly currentTree +-- path-exists@1.0.0
77 silly currentTree +-- path-is-absolute@1.0.0
77 silly currentTree +-- path-to-regexp@0.1.7
77 silly currentTree +-- pbkdf2-compat@2.0.1
77 silly currentTree +-- postcss-calc@5.2.0
77 silly currentTree +-- postcss-colormin@2.2.0
77 silly currentTree +-- postcss-convert-values@2.3.4
77 silly currentTree +-- postcss-discard-comments@2.0.4
77 silly currentTree +-- postcss-discard-duplicates@2.0.1
77 silly currentTree +-- postcss-discard-empty@2.0.1
77 silly currentTree +-- postcss-discard-unused@2.2.1
77 silly currentTree +-- postcss-filter-plugins@2.0.0
77 silly currentTree +-- postcss-merge-idents@2.1.5
77 silly currentTree +-- postcss-merge-longhand@2.0.1
77 silly currentTree +-- postcss-merge-rules@2.0.6
77 silly currentTree +-- postcss-message-helpers@2.0.0
77 silly currentTree +-- postcss-minify-font-values@1.0.3
77 silly currentTree +-- postcss-minify-gradients@1.0.1
77 silly currentTree +-- postcss-minify-params@1.0.4
77 silly currentTree +-- postcss-minify-selectors@2.0.4
77 silly currentTree +-- postcss-modules-extract-imports@1.0.0
77 silly currentTree +-- postcss-modules-local-by-default@1.0.1
77 silly currentTree +-- postcss-modules-scope@1.0.0
77 silly currentTree +-- postcss-modules-values@1.1.1
77 silly currentTree +-- postcss-normalize-charset@1.1.0
77 silly currentTree +-- postcss-normalize-url@3.0.7
77 silly currentTree +-- postcss-ordered-values@2.1.0
77 silly currentTree +-- postcss-reduce-idents@2.3.0
77 silly currentTree +-- postcss-reduce-transforms@1.0.3
77 silly currentTree +-- postcss-selector-parser@1.3.2
77 silly currentTree +-- postcss-svgo@2.1.2
77 silly currentTree +-- postcss-unique-selectors@2.0.2
77 silly currentTree +-- postcss-value-parser@3.3.0
77 silly currentTree +-- postcss-zindex@2.0.1
77 silly currentTree +-- postcss@5.0.18
77 silly currentTree +-- prepend-http@1.0.3
77 silly currentTree +-- preserve@0.2.0
77 silly currentTree +-- private@0.1.6
77 silly currentTree +-- process-nextick-args@1.0.6
77 silly currentTree +-- process@0.11.2
77 silly currentTree +-- promise@7.1.1
77 silly currentTree +-- proxy-addr@1.0.10
77 silly currentTree +-- prr@0.0.0
77 silly currentTree +-- pseudomap@1.0.2
77 silly currentTree +-- punycode@1.4.0
77 silly currentTree +-- q@1.4.1
77 silly currentTree +-- qs@4.0.0
77 silly currentTree +-- query-string@3.0.1
77 silly currentTree +-- querystring-es3@0.2.1
77 silly currentTree +-- querystring@0.2.0
77 silly currentTree +-- querystringify@0.0.3
77 silly currentTree +-- randomatic@1.1.5
77 silly currentTree +-- range-parser@1.0.3
77 silly currentTree +-- react-deep-force-update@1.0.1
77 silly currentTree +-- react-dom@0.14.7
77 silly currentTree +-- react-proxy@1.1.2
77 silly currentTree +-- react-transform-catch-errors@1.0.2
77 silly currentTree +-- react-transform-hmr@1.0.2
77 silly currentTree +-- react@0.14.7
77 silly currentTree +-- readable-stream@2.0.5
77 silly currentTree +-- readdirp@2.0.0
77 silly currentTree +-- redbox-react@1.2.2
77 silly currentTree +-- reduce-css-calc@1.2.1
77 silly currentTree | `-- balanced-match@0.1.0
77 silly currentTree +-- reduce-function-call@1.0.1
77 silly currentTree | `-- balanced-match@0.1.0
77 silly currentTree +-- regenerate@1.2.1
77 silly currentTree +-- regex-cache@0.4.2
77 silly currentTree +-- regexpu-core@1.0.0
77 silly currentTree +-- regjsgen@0.2.0
77 silly currentTree +-- regjsparser@0.1.5
77 silly currentTree +-- repeat-element@1.1.2
77 silly currentTree +-- repeat-string@1.5.4
77 silly currentTree +-- repeating@1.1.3
77 silly currentTree +-- requires-port@1.0.0
77 silly currentTree +-- right-align@0.1.3
77 silly currentTree +-- ripemd160@0.2.0
77 silly currentTree +-- sax@1.1.5
77 silly currentTree +-- send@0.13.1
77 silly currentTree +-- serve-index@1.7.3
77 silly currentTree | +-- accepts@1.2.13
77 silly currentTree | `-- negotiator@0.5.3
77 silly currentTree +-- serve-static@1.10.2
77 silly currentTree +-- sha.js@2.2.6
77 silly currentTree +-- shebang-regex@1.0.0
77 silly currentTree +-- slash@1.0.0
77 silly currentTree +-- sockjs-client@1.0.3
77 silly currentTree | `-- faye-websocket@0.7.3
77 silly currentTree +-- sockjs@0.3.15
77 silly currentTree +-- sort-keys@1.1.1
77 silly currentTree +-- source-list-map@0.1.5
77 silly currentTree +-- source-map-support@0.2.10
77 silly currentTree | `-- source-map@0.1.32
77 silly currentTree +-- source-map@0.5.3
77 silly currentTree +-- spawn-sync@1.0.15
77 silly currentTree +-- sprintf-js@1.0.3
77 silly currentTree +-- stackframe@0.3.1
77 silly currentTree +-- statuses@1.2.1
77 silly currentTree +-- stream-browserify@1.0.0
77 silly currentTree | `-- readable-stream@1.1.13
77 silly currentTree +-- stream-cache@0.0.2
77 silly currentTree +-- strict-uri-encode@1.1.0
77 silly currentTree +-- string_decoder@0.10.31
77 silly currentTree +-- strip-ansi@3.0.1
77 silly currentTree +-- style-loader@0.13.0
77 silly currentTree +-- supports-color@3.1.2
77 silly currentTree +-- svgo@0.6.1
77 silly currentTree +-- tapable@0.1.10
77 silly currentTree +-- through@2.3.8
77 silly currentTree +-- timers-browserify@1.4.2
77 silly currentTree +-- to-fast-properties@1.0.1
77 silly currentTree +-- trim-right@1.0.1
77 silly currentTree +-- tty-browserify@0.0.0
77 silly currentTree +-- type-is@1.6.12
77 silly currentTree +-- typedarray@0.0.6
77 silly currentTree +-- ua-parser-js@0.7.10
77 silly currentTree +-- uglify-js@2.6.2
77 silly currentTree | `-- async@0.2.10
77 silly currentTree +-- uglify-to-browserify@1.0.2
77 silly currentTree +-- uniq@1.0.1
77 silly currentTree +-- uniqid@1.0.0
77 silly currentTree +-- uniqs@2.0.0
77 silly currentTree +-- unpipe@1.0.0
77 silly currentTree +-- url-parse@1.0.5
77 silly currentTree +-- url@0.10.3
77 silly currentTree | `-- punycode@1.3.2
77 silly currentTree +-- user-home@1.1.1
77 silly currentTree +-- util-deprecate@1.0.2
77 silly currentTree +-- util@0.10.3
77 silly currentTree +-- utils-merge@1.0.0
77 silly currentTree +-- vary@1.1.0
77 silly currentTree +-- vm-browserify@0.0.4
77 silly currentTree +-- watchpack@0.2.9
77 silly currentTree | `-- async@0.9.2
77 silly currentTree +-- webpack-core@0.6.8
77 silly currentTree | `-- source-map@0.4.4
77 silly currentTree +-- webpack-dev-middleware@1.5.1
77 silly currentTree +-- webpack-dev-server@1.14.1
77 silly currentTree +-- webpack-merge@0.7.3
77 silly currentTree +-- webpack@1.12.14
77 silly currentTree +-- websocket-driver@0.6.4
77 silly currentTree +-- websocket-extensions@0.1.1
77 silly currentTree +-- whatwg-fetch@0.9.0
77 silly currentTree +-- whet.extend@0.9.9
77 silly currentTree +-- which@1.2.4
77 silly currentTree +-- window-size@0.1.0
77 silly currentTree +-- wordwrap@0.0.3
77 silly currentTree +-- yallist@2.0.0
77 silly currentTree `-- yargs@3.10.0
78 silly idealTree Kanban@1.0.0
78 silly idealTree +-- accepts@1.3.1
78 silly idealTree +-- align-text@0.1.4
78 silly idealTree +-- alphanum-sort@1.0.2
78 silly idealTree +-- amdefine@1.0.0
78 silly idealTree +-- ansi-regex@2.0.0
78 silly idealTree +-- ansi-styles@2.2.0
78 silly idealTree | `-- color-convert@1.0.0
78 silly idealTree +-- anymatch@1.3.0
78 silly idealTree +-- argparse@1.0.6
78 silly idealTree +-- arr-diff@2.0.0
78 silly idealTree +-- arr-flatten@1.0.1
78 silly idealTree +-- array-find@1.0.0
78 silly idealTree +-- array-flatten@1.1.1
78 silly idealTree +-- array-unique@0.2.1
78 silly idealTree +-- arrify@1.0.1
78 silly idealTree +-- asap@2.0.3
78 silly idealTree +-- assert@1.3.0
78 silly idealTree +-- async-each@1.0.0
78 silly idealTree +-- async@1.5.2
78 silly idealTree +-- autoprefixer@6.3.3
78 silly idealTree +-- babel-code-frame@6.6.0
78 silly idealTree +-- babel-core@6.6.0
78 silly idealTree +-- babel-generator@6.6.0
78 silly idealTree +-- babel-helper-builder-react-jsx@6.5.0
78 silly idealTree +-- babel-helper-call-delegate@6.6.0
78 silly idealTree +-- babel-helper-define-map@6.6.0
78 silly idealTree +-- babel-helper-function-name@6.6.0
78 silly idealTree +-- babel-helper-get-function-arity@6.5.0
78 silly idealTree +-- babel-helper-hoist-variables@6.5.0
78 silly idealTree +-- babel-helper-optimise-call-expression@6.6.0
78 silly idealTree +-- babel-helper-regex@6.6.0
78 silly idealTree +-- babel-helper-replace-supers@6.6.0
78 silly idealTree +-- babel-helpers@6.6.0
78 silly idealTree +-- babel-loader@6.2.4
78 silly idealTree +-- babel-messages@6.6.0
78 silly idealTree +-- babel-plugin-array-includes@2.0.3
78 silly idealTree +-- babel-plugin-check-es2015-constants@6.5.0
78 silly idealTree +-- babel-plugin-react-transform@2.0.0
78 silly idealTree +-- babel-plugin-syntax-async-functions@6.5.0
78 silly idealTree +-- babel-plugin-syntax-class-properties@6.5.0
78 silly idealTree +-- babel-plugin-syntax-decorators@6.5.0
78 silly idealTree +-- babel-plugin-syntax-flow@6.5.0
78 silly idealTree +-- babel-plugin-syntax-jsx@6.5.0
78 silly idealTree +-- babel-plugin-syntax-object-rest-spread@6.5.0
78 silly idealTree +-- babel-plugin-transform-class-properties@6.6.0
78 silly idealTree +-- babel-plugin-transform-decorators-legacy@1.3.4
78 silly idealTree | +-- babel-runtime@6.6.1
78 silly idealTree | `-- core-js@2.1.3
78 silly idealTree +-- babel-plugin-transform-es2015-arrow-functions@6.5.2
78 silly idealTree +-- babel-plugin-transform-es2015-block-scoped-functions@6.5.0
78 silly idealTree +-- babel-plugin-transform-es2015-block-scoping@6.6.0
78 silly idealTree +-- babel-plugin-transform-es2015-classes@6.6.0
78 silly idealTree +-- babel-plugin-transform-es2015-computed-properties@6.5.2
78 silly idealTree +-- babel-plugin-transform-es2015-destructuring@6.6.0
78 silly idealTree +-- babel-plugin-transform-es2015-duplicate-keys@6.6.0
78 silly idealTree +-- babel-plugin-transform-es2015-for-of@6.6.0
78 silly idealTree +-- babel-plugin-transform-es2015-function-name@6.5.0
78 silly idealTree +-- babel-plugin-transform-es2015-literals@6.5.0
78 silly idealTree +-- babel-plugin-transform-es2015-modules-commonjs@6.6.3
78 silly idealTree +-- babel-plugin-transform-es2015-object-super@6.5.0
78 silly idealTree +-- babel-plugin-transform-es2015-parameters@6.6.0
78 silly idealTree +-- babel-plugin-transform-es2015-shorthand-properties@6.5.0
78 silly idealTree +-- babel-plugin-transform-es2015-spread@6.5.2
78 silly idealTree +-- babel-plugin-transform-es2015-sticky-regex@6.5.0
78 silly idealTree +-- babel-plugin-transform-es2015-template-literals@6.6.0
78 silly idealTree +-- babel-plugin-transform-es2015-typeof-symbol@6.6.0
78 silly idealTree +-- babel-plugin-transform-es2015-unicode-regex@6.5.0
78 silly idealTree +-- babel-plugin-transform-flow-strip-types@6.5.0
78 silly idealTree +-- babel-plugin-transform-object-assign@6.5.0
78 silly idealTree +-- babel-plugin-transform-object-rest-spread@6.5.0
78 silly idealTree +-- babel-plugin-transform-react-display-name@6.5.0
78 silly idealTree +-- babel-plugin-transform-react-jsx-source@6.5.0
78 silly idealTree +-- babel-plugin-transform-react-jsx@6.6.0
78 silly idealTree +-- babel-plugin-transform-regenerator@6.6.0
78 silly idealTree +-- babel-plugin-transform-strict-mode@6.5.2
78 silly idealTree +-- babel-preset-es2015@6.6.0
78 silly idealTree +-- babel-preset-react-hmre@1.1.0
78 silly idealTree +-- babel-preset-react@6.5.0
78 silly idealTree +-- babel-preset-survivejs-kanban@0.3.3
78 silly idealTree +-- babel-register@6.6.0
78 silly idealTree | `-- core-js@2.1.3
78 silly idealTree +-- babel-runtime@5.8.35
78 silly idealTree +-- babel-template@6.6.0
78 silly idealTree +-- babel-traverse@6.6.3
78 silly idealTree +-- babel-types@6.6.0
78 silly idealTree +-- babylon@6.6.0
78 silly idealTree +-- balanced-match@0.3.0
78 silly idealTree +-- base62@0.1.1
78 silly idealTree +-- base64-js@0.0.8
78 silly idealTree +-- Base64@0.2.1
78 silly idealTree +-- batch@0.5.3
78 silly idealTree +-- big.js@3.1.3
78 silly idealTree +-- binary-extensions@1.4.0
78 silly idealTree +-- brace-expansion@1.1.3
78 silly idealTree +-- braces@1.8.3
78 silly idealTree +-- browserify-zlib@0.1.4
78 silly idealTree +-- browserslist@1.1.3
78 silly idealTree +-- buffer@3.6.0
78 silly idealTree | `-- isarray@1.0.0
78 silly idealTree +-- bytes@2.2.0
78 silly idealTree +-- camelcase@1.2.1
78 silly idealTree +-- caniuse-db@1.0.30000414
78 silly idealTree +-- center-align@0.1.3
78 silly idealTree +-- chalk@1.1.1
78 silly idealTree | `-- supports-color@2.0.0
78 silly idealTree +-- chokidar@1.4.3
78 silly idealTree +-- clap@1.0.10
78 silly idealTree +-- cliui@2.1.0
78 silly idealTree | `-- wordwrap@0.0.2
78 silly idealTree +-- clone@1.0.2
78 silly idealTree +-- coa@1.0.1
78 silly idealTree +-- color-convert@0.5.3
78 silly idealTree +-- color-name@1.1.1
78 silly idealTree +-- color-string@0.3.0
78 silly idealTree +-- color@0.11.1
78 silly idealTree +-- colormin@1.1.0
78 silly idealTree +-- colors@1.1.2
78 silly idealTree +-- compressible@2.0.7
78 silly idealTree +-- compression@1.6.1
78 silly idealTree +-- concat-map@0.0.1
78 silly idealTree +-- concat-stream@1.5.1
78 silly idealTree +-- connect-history-api-fallback@1.1.0
78 silly idealTree +-- console-browserify@1.1.0
78 silly idealTree +-- constants-browserify@0.0.1
78 silly idealTree +-- content-disposition@0.5.1
78 silly idealTree +-- content-type@1.0.1
78 silly idealTree +-- convert-source-map@1.2.0
78 silly idealTree +-- cookie-signature@1.0.6
78 silly idealTree +-- cookie@0.1.5
78 silly idealTree +-- core-js@1.2.6
78 silly idealTree +-- core-util-is@1.0.2
78 silly idealTree +-- cross-spawn-async@2.1.9
78 silly idealTree +-- cross-spawn@2.1.5
78 silly idealTree +-- crypto-browserify@3.2.8
78 silly idealTree +-- css-color-names@0.0.3
78 silly idealTree +-- css-loader@0.23.1
78 silly idealTree +-- css-selector-tokenizer@0.5.4
78 silly idealTree +-- cssesc@0.1.0
78 silly idealTree +-- cssnano@3.5.2
78 silly idealTree +-- csso@1.4.4
78 silly idealTree +-- date-now@0.1.4
78 silly idealTree +-- debug@2.2.0
78 silly idealTree +-- decamelize@1.1.2
78 silly idealTree +-- defined@1.0.0
78 silly idealTree +-- depd@1.1.0
78 silly idealTree +-- destroy@1.0.4
78 silly idealTree +-- detect-indent@3.0.1
78 silly idealTree | `-- minimist@1.2.0
78 silly idealTree +-- dom-walk@0.1.1
78 silly idealTree +-- domain-browser@1.1.7
78 silly idealTree +-- ee-first@1.1.1
78 silly idealTree +-- enhanced-resolve@0.9.1
78 silly idealTree | `-- memory-fs@0.2.0
78 silly idealTree +-- envify@3.4.0
78 silly idealTree +-- errno@0.1.4
78 silly idealTree +-- error-stack-parser@1.3.3
78 silly idealTree +-- escape-html@1.0.3
78 silly idealTree +-- escape-string-regexp@1.0.5
78 silly idealTree +-- esprima@2.7.2
78 silly idealTree +-- esutils@2.0.2
78 silly idealTree +-- etag@1.7.0
78 silly idealTree +-- eventemitter3@1.1.1
78 silly idealTree +-- events@1.1.0
78 silly idealTree +-- eventsource@0.1.6
78 silly idealTree +-- expand-brackets@0.1.4
78 silly idealTree +-- expand-range@1.8.1
78 silly idealTree +-- express@4.13.4
78 silly idealTree | +-- accepts@1.2.13
78 silly idealTree | +-- negotiator@0.5.3
78 silly idealTree | `-- vary@1.0.1
78 silly idealTree +-- extglob@0.3.2
78 silly idealTree +-- fastparse@1.1.1
78 silly idealTree +-- faye-websocket@0.9.4
78 silly idealTree +-- fbjs@0.6.1
78 silly idealTree +-- filename-regex@2.0.0
78 silly idealTree +-- fill-range@2.2.3
78 silly idealTree +-- finalhandler@0.4.1
78 silly idealTree +-- flatten@1.0.2
78 silly idealTree +-- for-in@0.1.4
78 silly idealTree +-- for-own@0.1.3
78 silly idealTree +-- forwarded@0.1.0
78 silly idealTree +-- fresh@0.3.0
78 silly idealTree +-- get-stdin@4.0.1
78 silly idealTree +-- glob-base@0.3.0
78 silly idealTree +-- glob-parent@2.0.0
78 silly idealTree +-- global@4.3.0
78 silly idealTree | `-- process@0.5.2
78 silly idealTree +-- globals@8.18.0
78 silly idealTree +-- graceful-fs@4.1.3
78 silly idealTree +-- has-ansi@2.0.0
78 silly idealTree +-- has-flag@1.0.0
78 silly idealTree +-- has-own@1.0.0
78 silly idealTree +-- home-or-tmp@1.0.0
78 silly idealTree +-- http-browserify@1.7.0
78 silly idealTree +-- http-errors@1.3.1
78 silly idealTree +-- http-proxy@1.13.2
78 silly idealTree +-- https-browserify@0.0.0
78 silly idealTree +-- icss-replace-symbols@1.0.2
78 silly idealTree +-- ieee754@1.1.6
78 silly idealTree +-- indexes-of@1.0.1
78 silly idealTree +-- indexof@0.0.1
78 silly idealTree +-- inherit@2.2.3
78 silly idealTree +-- inherits@2.0.1
78 silly idealTree +-- interpret@0.6.6
78 silly idealTree +-- invariant@2.2.0
78 silly idealTree +-- ipaddr.js@1.0.5
78 silly idealTree +-- is-absolute-url@2.0.0
78 silly idealTree +-- is-absolute@0.1.7
78 silly idealTree +-- is-binary-path@1.0.1
78 silly idealTree +-- is-buffer@1.1.2
78 silly idealTree +-- is-dotfile@1.0.2
78 silly idealTree +-- is-equal-shallow@0.1.3
78 silly idealTree +-- is-extendable@0.1.1
78 silly idealTree +-- is-extglob@1.0.0
78 silly idealTree +-- is-finite@1.0.1
78 silly idealTree +-- is-glob@2.0.1
78 silly idealTree +-- is-integer@1.0.6
78 silly idealTree +-- is-number@2.1.0
78 silly idealTree +-- is-plain-obj@1.1.0
78 silly idealTree +-- is-primitive@2.0.0
78 silly idealTree +-- is-relative@0.1.3
78 silly idealTree +-- is-svg@1.1.1
78 silly idealTree +-- isarray@0.0.1
78 silly idealTree +-- isexe@1.1.2
78 silly idealTree +-- isobject@2.0.0
78 silly idealTree +-- js-base64@2.1.9
78 silly idealTree +-- js-tokens@1.0.2
78 silly idealTree +-- js-yaml@3.4.6
78 silly idealTree +-- jsesc@0.5.0
78 silly idealTree +-- json3@3.3.2
78 silly idealTree +-- json5@0.4.0
78 silly idealTree +-- jstransform@10.1.0
78 silly idealTree | +-- esprima-fb@13001.1001.0-dev-harmony-fb
78 silly idealTree | `-- source-map@0.1.31
78 silly idealTree +-- kind-of@3.0.2
78 silly idealTree +-- lazy-cache@1.0.3
78 silly idealTree +-- left-pad@0.0.3
78 silly idealTree +-- line-numbers@0.2.0
78 silly idealTree +-- loader-utils@0.2.12
78 silly idealTree +-- lodash._arraycopy@3.0.0
78 silly idealTree +-- lodash._arrayeach@3.0.0
78 silly idealTree +-- lodash._basecallback@3.3.1
78 silly idealTree +-- lodash._basecopy@3.0.1
78 silly idealTree +-- lodash._baseeach@3.0.4
78 silly idealTree +-- lodash._basefind@3.0.0
78 silly idealTree +-- lodash._basefindindex@3.6.0
78 silly idealTree +-- lodash._basefor@3.0.3
78 silly idealTree +-- lodash._baseisequal@3.0.7
78 silly idealTree +-- lodash._bindcallback@3.0.1
78 silly idealTree +-- lodash._createassigner@3.1.1
78 silly idealTree +-- lodash._createcompounder@3.0.0
78 silly idealTree +-- lodash._getnative@3.9.1
78 silly idealTree +-- lodash._isiterateecall@3.0.9
78 silly idealTree +-- lodash._root@3.0.1
78 silly idealTree +-- lodash.camelcase@3.0.1
78 silly idealTree +-- lodash.deburr@3.2.0
78 silly idealTree +-- lodash.find@3.2.1
78 silly idealTree +-- lodash.isarguments@3.0.7
78 silly idealTree +-- lodash.isarray@3.0.4
78 silly idealTree +-- lodash.isplainobject@3.2.0
78 silly idealTree +-- lodash.istypedarray@3.0.5
78 silly idealTree +-- lodash.kebabcase@3.1.1
78 silly idealTree +-- lodash.keys@3.1.2
78 silly idealTree +-- lodash.keysin@3.0.8
78 silly idealTree +-- lodash.merge@3.3.2
78 silly idealTree +-- lodash.pairs@3.0.1
78 silly idealTree +-- lodash.restparam@3.6.1
78 silly idealTree +-- lodash.toplainobject@3.0.0
78 silly idealTree +-- lodash.words@3.2.0
78 silly idealTree +-- lodash@3.10.1
78 silly idealTree +-- longest@1.0.1
78 silly idealTree +-- loose-envify@1.1.0
78 silly idealTree +-- lru-cache@4.0.0
78 silly idealTree +-- media-typer@0.3.0
78 silly idealTree +-- memory-fs@0.3.0
78 silly idealTree +-- merge-descriptors@1.0.1
78 silly idealTree +-- methods@1.1.2
78 silly idealTree +-- micromatch@2.3.7
78 silly idealTree +-- mime-db@1.22.0
78 silly idealTree +-- mime-types@2.1.10
78 silly idealTree +-- mime@1.3.4
78 silly idealTree +-- min-document@2.18.0
78 silly idealTree +-- minimatch@2.0.10
78 silly idealTree +-- minimist@0.0.8
78 silly idealTree +-- mkdirp@0.5.1
78 silly idealTree +-- ms@0.7.1
78 silly idealTree +-- negotiator@0.6.0
78 silly idealTree +-- node-libs-browser@0.5.3
78 silly idealTree | `-- readable-stream@1.1.13
78 silly idealTree +-- node-uuid@1.4.7
78 silly idealTree +-- normalize-path@2.0.1
78 silly idealTree +-- normalize-range@0.1.2
78 silly idealTree +-- normalize-url@1.4.1
78 silly idealTree +-- npm-install-webpack-plugin@2.0.2
78 silly idealTree +-- num2fraction@1.2.2
78 silly idealTree +-- number-is-nan@1.0.0
78 silly idealTree +-- object-assign@4.0.1
78 silly idealTree +-- object.omit@2.0.0
78 silly idealTree +-- on-finished@2.3.0
78 silly idealTree +-- on-headers@1.0.1
78 silly idealTree +-- optimist@0.6.1
78 silly idealTree +-- original@1.0.0
78 silly idealTree +-- os-browserify@0.1.2
78 silly idealTree +-- os-shim@0.1.3
78 silly idealTree +-- os-tmpdir@1.0.1
78 silly idealTree +-- pako@0.2.8
78 silly idealTree +-- parse-glob@3.0.4
78 silly idealTree +-- parseurl@1.3.1
78 silly idealTree +-- path-browserify@0.0.0
78 silly idealTree +-- path-exists@1.0.0
78 silly idealTree +-- path-is-absolute@1.0.0
78 silly idealTree +-- path-to-regexp@0.1.7
78 silly idealTree +-- pbkdf2-compat@2.0.1
78 silly idealTree +-- postcss-calc@5.2.0
78 silly idealTree +-- postcss-colormin@2.2.0
78 silly idealTree +-- postcss-convert-values@2.3.4
78 silly idealTree +-- postcss-discard-comments@2.0.4
78 silly idealTree +-- postcss-discard-duplicates@2.0.1
78 silly idealTree +-- postcss-discard-empty@2.0.1
78 silly idealTree +-- postcss-discard-unused@2.2.1
78 silly idealTree +-- postcss-filter-plugins@2.0.0
78 silly idealTree +-- postcss-merge-idents@2.1.5
78 silly idealTree +-- postcss-merge-longhand@2.0.1
78 silly idealTree +-- postcss-merge-rules@2.0.6
78 silly idealTree +-- postcss-message-helpers@2.0.0
78 silly idealTree +-- postcss-minify-font-values@1.0.3
78 silly idealTree +-- postcss-minify-gradients@1.0.1
78 silly idealTree +-- postcss-minify-params@1.0.4
78 silly idealTree +-- postcss-minify-selectors@2.0.4
78 silly idealTree +-- postcss-modules-extract-imports@1.0.0
78 silly idealTree +-- postcss-modules-local-by-default@1.0.1
78 silly idealTree +-- postcss-modules-scope@1.0.0
78 silly idealTree +-- postcss-modules-values@1.1.1
78 silly idealTree +-- postcss-normalize-charset@1.1.0
78 silly idealTree +-- postcss-normalize-url@3.0.7
78 silly idealTree +-- postcss-ordered-values@2.1.0
78 silly idealTree +-- postcss-reduce-idents@2.3.0
78 silly idealTree +-- postcss-reduce-transforms@1.0.3
78 silly idealTree +-- postcss-selector-parser@1.3.2
78 silly idealTree +-- postcss-svgo@2.1.2
78 silly idealTree +-- postcss-unique-selectors@2.0.2
78 silly idealTree +-- postcss-value-parser@3.3.0
78 silly idealTree +-- postcss-zindex@2.0.1
78 silly idealTree +-- postcss@5.0.18
78 silly idealTree +-- prepend-http@1.0.3
78 silly idealTree +-- preserve@0.2.0
78 silly idealTree +-- private@0.1.6
78 silly idealTree +-- process-nextick-args@1.0.6
78 silly idealTree +-- process@0.11.2
78 silly idealTree +-- promise@7.1.1
78 silly idealTree +-- proxy-addr@1.0.10
78 silly idealTree +-- prr@0.0.0
78 silly idealTree +-- pseudomap@1.0.2
78 silly idealTree +-- punycode@1.4.0
78 silly idealTree +-- q@1.4.1
78 silly idealTree +-- qs@4.0.0
78 silly idealTree +-- query-string@3.0.1
78 silly idealTree +-- querystring-es3@0.2.1
78 silly idealTree +-- querystring@0.2.0
78 silly idealTree +-- querystringify@0.0.3
78 silly idealTree +-- randomatic@1.1.5
78 silly idealTree +-- range-parser@1.0.3
78 silly idealTree +-- react-deep-force-update@1.0.1
78 silly idealTree +-- react-dom@0.14.7
78 silly idealTree +-- react-proxy@1.1.2
78 silly idealTree +-- react-transform-catch-errors@1.0.2
78 silly idealTree +-- react-transform-hmr@1.0.2
78 silly idealTree +-- react@0.14.7
78 silly idealTree +-- readable-stream@2.0.5
78 silly idealTree +-- readdirp@2.0.0
78 silly idealTree +-- redbox-react@1.2.2
78 silly idealTree +-- reduce-css-calc@1.2.1
78 silly idealTree | `-- balanced-match@0.1.0
78 silly idealTree +-- reduce-function-call@1.0.1
78 silly idealTree | `-- balanced-match@0.1.0
78 silly idealTree +-- regenerate@1.2.1
78 silly idealTree +-- regex-cache@0.4.2
78 silly idealTree +-- regexpu-core@1.0.0
78 silly idealTree +-- regjsgen@0.2.0
78 silly idealTree +-- regjsparser@0.1.5
78 silly idealTree +-- repeat-element@1.1.2
78 silly idealTree +-- repeat-string@1.5.4
78 silly idealTree +-- repeating@1.1.3
78 silly idealTree +-- requires-port@1.0.0
78 silly idealTree +-- right-align@0.1.3
78 silly idealTree +-- ripemd160@0.2.0
78 silly idealTree +-- sax@1.1.5
78 silly idealTree +-- send@0.13.1
78 silly idealTree +-- serve-index@1.7.3
78 silly idealTree | +-- accepts@1.2.13
78 silly idealTree | `-- negotiator@0.5.3
78 silly idealTree +-- serve-static@1.10.2
78 silly idealTree +-- sha.js@2.2.6
78 silly idealTree +-- shebang-regex@1.0.0
78 silly idealTree +-- slash@1.0.0
78 silly idealTree +-- sockjs-client@1.0.3
78 silly idealTree | `-- faye-websocket@0.7.3
78 silly idealTree +-- sockjs@0.3.15
78 silly idealTree +-- sort-keys@1.1.1
78 silly idealTree +-- source-list-map@0.1.5
78 silly idealTree +-- source-map-support@0.2.10
78 silly idealTree | `-- source-map@0.1.32
78 silly idealTree +-- source-map@0.5.3
78 silly idealTree +-- spawn-sync@1.0.15
78 silly idealTree +-- sprintf-js@1.0.3
78 silly idealTree +-- stackframe@0.3.1
78 silly idealTree +-- statuses@1.2.1
78 silly idealTree +-- stream-browserify@1.0.0
78 silly idealTree | `-- readable-stream@1.1.13
78 silly idealTree +-- stream-cache@0.0.2
78 silly idealTree +-- strict-uri-encode@1.1.0
78 silly idealTree +-- string_decoder@0.10.31
78 silly idealTree +-- strip-ansi@3.0.1
78 silly idealTree +-- style-loader@0.13.0
78 silly idealTree +-- supports-color@3.1.2
78 silly idealTree +-- svgo@0.6.1
78 silly idealTree +-- tapable@0.1.10
78 silly idealTree +-- through@2.3.8
78 silly idealTree +-- timers-browserify@1.4.2
78 silly idealTree +-- to-fast-properties@1.0.1
78 silly idealTree +-- trim-right@1.0.1
78 silly idealTree +-- tty-browserify@0.0.0
78 silly idealTree +-- type-is@1.6.12
78 silly idealTree +-- typedarray@0.0.6
78 silly idealTree +-- ua-parser-js@0.7.10
78 silly idealTree +-- uglify-js@2.6.2
78 silly idealTree | `-- async@0.2.10
78 silly idealTree +-- uglify-to-browserify@1.0.2
78 silly idealTree +-- uniq@1.0.1
78 silly idealTree +-- uniqid@1.0.0
78 silly idealTree +-- uniqs@2.0.0
78 silly idealTree +-- unpipe@1.0.0
78 silly idealTree +-- url-parse@1.0.5
78 silly idealTree +-- url@0.10.3
78 silly idealTree | `-- punycode@1.3.2
78 silly idealTree +-- user-home@1.1.1
78 silly idealTree +-- util-deprecate@1.0.2
78 silly idealTree +-- util@0.10.3
78 silly idealTree +-- utils-merge@1.0.0
78 silly idealTree +-- vary@1.1.0
78 silly idealTree +-- vm-browserify@0.0.4
78 silly idealTree +-- watchpack@0.2.9
78 silly idealTree | `-- async@0.9.2
78 silly idealTree +-- webpack-core@0.6.8
78 silly idealTree | `-- source-map@0.4.4
78 silly idealTree +-- webpack-dev-middleware@1.5.1
78 silly idealTree +-- webpack-dev-server@1.14.1
78 silly idealTree +-- webpack-merge@0.7.3
78 silly idealTree +-- webpack@1.12.14
78 silly idealTree +-- websocket-driver@0.6.4
78 silly idealTree +-- websocket-extensions@0.1.1
78 silly idealTree +-- whatwg-fetch@0.9.0
78 silly idealTree +-- whet.extend@0.9.9
78 silly idealTree +-- which@1.2.4
78 silly idealTree +-- window-size@0.1.0
78 silly idealTree +-- wordwrap@0.0.3
78 silly idealTree +-- yallist@2.0.0
78 silly idealTree `-- yargs@3.10.0
79 silly generateActionsToTake Starting
80 silly install generateActionsToTake
81 silly generateActionsToTake Finishing
82 silly diffTrees action count 1
83 silly diffTrees update webpack-dev-server@1.14.1
84 silly decomposeActions action count 8
85 silly decomposeActions fetch webpack-dev-server@1.14.1
86 silly decomposeActions extract webpack-dev-server@1.14.1
87 silly decomposeActions test webpack-dev-server@1.14.1
88 silly decomposeActions preinstall webpack-dev-server@1.14.1
89 silly decomposeActions build webpack-dev-server@1.14.1
90 silly decomposeActions install webpack-dev-server@1.14.1
91 silly decomposeActions postinstall webpack-dev-server@1.14.1
92 silly decomposeActions finalize webpack-dev-server@1.14.1
93 silly executeActions Starting
94 silly install executeActions
95 silly doSerial global-install 0
96 silly doParallel fetch 1
97 verbose correctMkdir C:\Users\Andrew\AppData\Roaming\npm-cache\_locks correctMkdir not in flight; initializing
98 verbose lock using C:\Users\Andrew\AppData\Roaming\npm-cache\_locks\staging-e3f75a6f3719d7b0.lock for D:\WebProjects\Kanban\node_modules\.staging
99 silly doParallel extract 1
100 silly extract webpack-dev-server@1.14.1
101 verbose unbuild node_modules\.staging\webpack-dev-server-bf2f7873
102 silly gentlyRm D:\WebProjects\Kanban\node_modules\.staging\webpack-dev-server-bf2f7873 is being purged from base D:\WebProjects\Kanban
103 verbose gentlyRm don't care about contents; nuking D:\WebProjects\Kanban\node_modules\.staging\webpack-dev-server-bf2f7873
104 verbose tar unpack C:\Users\Andrew\AppData\Roaming\npm-cache\webpack-dev-server\1.14.1\package.tgz
105 verbose tar unpacking to D:\WebProjects\Kanban\node_modules\.staging\webpack-dev-server-bf2f7873
106 silly gentlyRm D:\WebProjects\Kanban\node_modules\.staging\webpack-dev-server-bf2f7873 is being purged
107 verbose gentlyRm don't care about contents; nuking D:\WebProjects\Kanban\node_modules\.staging\webpack-dev-server-bf2f7873
108 silly gunzTarPerm modes [ '777', '666' ]
109 silly gunzTarPerm extractEntry package.json
110 silly gunzTarPerm extractEntry README.md
111 silly gunzTarPerm extractEntry bin/webpack-dev-server.js
112 silly gunzTarPerm extractEntry client/index.bundle.js
113 silly gunzTarPerm extractEntry client/index.js
114 silly gunzTarPerm extractEntry client/live.bundle.js
115 silly gunzTarPerm extractEntry client/live.js
116 silly gunzTarPerm extractEntry client/webpack.config.js
117 silly gunzTarPerm extractEntry client/live.html
118 silly gunzTarPerm extractEntry client/page.jade
119 silly gunzTarPerm extractEntry client/style.css
120 silly gunzTarPerm extractEntry client/web_modules/jquery/index.js
121 silly gunzTarPerm extractEntry client/web_modules/jquery/jquery-1.8.1.js
122 silly gunzTarPerm extractEntry lib/Server.js
123 silly gunzTarPerm extractEntry ssl/ca.crt
124 silly gunzTarPerm extractEntry ssl/ca.csr
125 silly gunzTarPerm extractEntry ssl/ca.key
126 silly gunzTarPerm extractEntry ssl/server.crt
127 silly gunzTarPerm extractEntry ssl/server.csr
128 silly gunzTarPerm extractEntry ssl/server.key
129 silly gentlyRm D:\WebProjects\Kanban\node_modules\.staging\webpack-dev-server-bf2f7873\node_modules is being purged
130 verbose gentlyRm don't care about contents; nuking D:\WebProjects\Kanban\node_modules\.staging\webpack-dev-server-bf2f7873\node_modules
131 silly doParallel preinstall 1
132 silly preinstall webpack-dev-server@1.14.1 D:\WebProjects\Kanban\node_modules\.staging\webpack-dev-server-bf2f7873
133 info lifecycle webpack-dev-server@1.14.1~preinstall: webpack-dev-server@1.14.1
134 silly lifecycle webpack-dev-server@1.14.1~preinstall: no script for preinstall, continuing
135 silly doReverseSerial remove 0
136 silly doSerial move 0
137 silly doSerial finalize 1
138 silly finalize D:\WebProjects\Kanban\node_modules\webpack-dev-server
139 verbose unlock done using C:\Users\Andrew\AppData\Roaming\npm-cache\_locks\staging-e3f75a6f3719d7b0.lock for D:\WebProjects\Kanban\node_modules\.staging
140 silly rollbackFailedOptional Starting
141 silly rollbackFailedOptional Finishing
142 silly runTopLevelLifecycles Starting
143 silly runTopLevelLifecycles Finishing
144 silly install printInstalled
145 warn optional Skipping failed optional dependency /chokidar/fsevents:
146 warn notsup Not compatible with your operating system or architecture: fsevents@1.0.8
147 warn Kanban@1.0.0 No description
148 warn Kanban@1.0.0 No repository field.
149 verbose stack Error: EPERM: operation not permitted, rename 'D:\WebProjects\Kanban\node_modules\webpack-dev-server' -> 'D:\WebProjects\Kanban\node_modules\.webpack-dev-server.DELETE'
149 verbose stack     at moveAway (C:\Program Files (x86)\nodejs\node_modules\npm\lib\install\action\finalize.js:38:5)
149 verbose stack     at destStatted (C:\Program Files (x86)\nodejs\node_modules\npm\lib\install\action\finalize.js:27:7)
149 verbose stack     at FSReqWrap.oncomplete (fs.js:82:15)
149 verbose stack
149 verbose stack Error: EPERM: operation not permitted, rename 'D:\WebProjects\Kanban\node_modules\webpack-dev-server' -> 'D:\WebProjects\Kanban\node_modules\.webpack-dev-server.DELETE'
149 verbose stack     at Error (native)
150 verbose cwd D:\WebProjects\Kanban
151 error Windows_NT 6.3.9600
152 error argv "C:\\Program Files (x86)\\nodejs\\node.exe" "C:\\Program Files (x86)\\nodejs\\node_modules\\npm\\bin\\npm-cli.js" "install" "node-uuid" "--save"
153 error node v5.6.0
154 error npm  v3.6.0
155 error path D:\WebProjects\Kanban\node_modules\webpack-dev-server
156 error code EPERM
157 error errno -4048
158 error syscall rename
159 error Error: EPERM: operation not permitted, rename 'D:\WebProjects\Kanban\node_modules\webpack-dev-server' -> 'D:\WebProjects\Kanban\node_modules\.webpack-dev-server.DELETE'
159 error     at moveAway (C:\Program Files (x86)\nodejs\node_modules\npm\lib\install\action\finalize.js:38:5)
159 error     at destStatted (C:\Program Files (x86)\nodejs\node_modules\npm\lib\install\action\finalize.js:27:7)
159 error     at FSReqWrap.oncomplete (fs.js:82:15)
159 error
159 error Error: EPERM: operation not permitted, rename 'D:\WebProjects\Kanban\node_modules\webpack-dev-server' -> 'D:\WebProjects\Kanban\node_modules\.webpack-dev-server.DELETE'
159 error     at Error (native)
159 error  { [Error: EPERM: operation not permitted, rename 'D:\WebProjects\Kanban\node_modules\webpack-dev-server' -> 'D:\WebProjects\Kanban\node_modules\.webpack-dev-server.DELETE'] parent: 'Kanban' }
160 error Please try running this command again as root/Administrator.
161 verbose exit [ -4048, true ]
